<?xml version="1.0" encoding="UTF-8" ?>
<testsuite failures="0" time="56.739" errors="0" skipped="1" tests="5" name="com.crawljax.crawljax_plugins_plugin.SampleCrawlersTest">
  <properties>
    <property name="java.runtime.name" value="Java(TM) SE Runtime Environment"/>
    <property name="sun.boot.library.path" value="/Library/Java/JavaVirtualMachines/jdk1.7.0_09.jdk/Contents/Home/jre/lib"/>
    <property name="java.vm.version" value="23.5-b02"/>
    <property name="user.country.format" value="CA"/>
    <property name="gopherProxySet" value="false"/>
    <property name="java.vm.vendor" value="Oracle Corporation"/>
    <property name="java.vendor.url" value="http://java.oracle.com/"/>
    <property name="path.separator" value=":"/>
    <property name="java.vm.name" value="Java HotSpot(TM) 64-Bit Server VM"/>
    <property name="file.encoding.pkg" value="sun.io"/>
    <property name="user.country" value="US"/>
    <property name="sun.java.launcher" value="SUN_STANDARD"/>
    <property name="sun.os.patch.level" value="unknown"/>
    <property name="java.vm.specification.name" value="Java Virtual Machine Specification"/>
    <property name="user.dir" value="/Users/deborah/Documents/EECE310/crawljax/crawljax/test-utils"/>
    <property name="java.runtime.version" value="1.7.0_09-b05"/>
    <property name="java.awt.graphicsenv" value="sun.awt.CGraphicsEnvironment"/>
    <property name="basedir" value="/Users/deborah/Documents/EECE310/crawljax/crawljax/test-utils"/>
    <property name="java.endorsed.dirs" value="/Library/Java/JavaVirtualMachines/jdk1.7.0_09.jdk/Contents/Home/jre/lib/endorsed"/>
    <property name="os.arch" value="x86_64"/>
    <property name="surefire.real.class.path" value="/Users/deborah/Documents/EECE310/crawljax/crawljax/test-utils/target/surefire/surefirebooter1946249334365572605.jar"/>
    <property name="java.io.tmpdir" value="/var/folders/3v/p8yhfhrs5dv71tx717v25gj00000gn/T/"/>
    <property name="line.separator" value="
"/>
    <property name="java.vm.specification.vendor" value="Oracle Corporation"/>
    <property name="os.name" value="Mac OS X"/>
    <property name="sun.jnu.encoding" value="UTF-8"/>
    <property name="java.library.path" value="/Users/deborah/Library/Java/Extensions:/Library/Java/Extensions:/Network/Library/Java/Extensions:/System/Library/Java/Extensions:/usr/lib/java:."/>
    <property name="surefire.test.class.path" value="/Users/deborah/Documents/EECE310/crawljax/crawljax/test-utils/target/test-classes:/Users/deborah/Documents/EECE310/crawljax/crawljax/test-utils/target/classes:/Users/deborah/Documents/EECE310/crawljax/crawljax/core/target/classes:/Users/deborah/.m2/repository/commons-lang/commons-lang/2.6/commons-lang-2.6.jar:/Users/deborah/.m2/repository/commons-configuration/commons-configuration/1.7/commons-configuration-1.7.jar:/Users/deborah/.m2/repository/commons-collections/commons-collections/3.2.1/commons-collections-3.2.1.jar:/Users/deborah/.m2/repository/commons-logging/commons-logging/1.1.1/commons-logging-1.1.1.jar:/Users/deborah/.m2/repository/commons-digester/commons-digester/1.8.1/commons-digester-1.8.1.jar:/Users/deborah/.m2/repository/commons-beanutils/commons-beanutils/1.8.3/commons-beanutils-1.8.3.jar:/Users/deborah/.m2/repository/commons-math/commons-math/1.2/commons-math-1.2.jar:/Users/deborah/.m2/repository/commons-io/commons-io/2.4/commons-io-2.4.jar:/Users/deborah/.m2/repository/net/sf/jgrapht/jgrapht/0.8.3/jgrapht-0.8.3.jar:/Users/deborah/.m2/repository/xmlunit/xmlunit/1.3/xmlunit-1.3.jar:/Users/deborah/.m2/repository/net/sourceforge/nekohtml/nekohtml/1.9.17/nekohtml-1.9.17.jar:/Users/deborah/.m2/repository/net/jcip/jcip-annotations/1.0/jcip-annotations-1.0.jar:/Users/deborah/.m2/repository/xerces/xercesImpl/2.10.0/xercesImpl-2.10.0.jar:/Users/deborah/.m2/repository/xml-apis/xml-apis/1.4.01/xml-apis-1.4.01.jar:/Users/deborah/.m2/repository/org/seleniumhq/selenium/selenium-firefox-driver/2.31.0/selenium-firefox-driver-2.31.0.jar:/Users/deborah/.m2/repository/org/apache/commons/commons-exec/1.1/commons-exec-1.1.jar:/Users/deborah/.m2/repository/org/seleniumhq/selenium/selenium-chrome-driver/2.31.0/selenium-chrome-driver-2.31.0.jar:/Users/deborah/.m2/repository/org/seleniumhq/selenium/selenium-htmlunit-driver/2.31.0/selenium-htmlunit-driver-2.31.0.jar:/Users/deborah/.m2/repository/org/seleniumhq/selenium/selenium-api/2.31.0/selenium-api-2.31.0.jar:/Users/deborah/.m2/repository/net/sourceforge/htmlunit/htmlunit/2.11/htmlunit-2.11.jar:/Users/deborah/.m2/repository/xalan/xalan/2.7.1/xalan-2.7.1.jar:/Users/deborah/.m2/repository/xalan/serializer/2.7.1/serializer-2.7.1.jar:/Users/deborah/.m2/repository/org/apache/commons/commons-lang3/3.1/commons-lang3-3.1.jar:/Users/deborah/.m2/repository/org/apache/httpcomponents/httpmime/4.2.2/httpmime-4.2.2.jar:/Users/deborah/.m2/repository/commons-codec/commons-codec/1.7/commons-codec-1.7.jar:/Users/deborah/.m2/repository/net/sourceforge/htmlunit/htmlunit-core-js/2.11/htmlunit-core-js-2.11.jar:/Users/deborah/.m2/repository/net/sourceforge/cssparser/cssparser/0.9.8/cssparser-0.9.8.jar:/Users/deborah/.m2/repository/org/w3c/css/sac/1.3/sac-1.3.jar:/Users/deborah/.m2/repository/org/eclipse/jetty/jetty-websocket/8.1.7.v20120910/jetty-websocket-8.1.7.v20120910.jar:/Users/deborah/.m2/repository/org/apache/httpcomponents/httpclient/4.2.1/httpclient-4.2.1.jar:/Users/deborah/.m2/repository/org/apache/httpcomponents/httpcore/4.2.1/httpcore-4.2.1.jar:/Users/deborah/.m2/repository/org/seleniumhq/selenium/selenium-ie-driver/2.31.0/selenium-ie-driver-2.31.0.jar:/Users/deborah/.m2/repository/net/java/dev/jna/jna/3.4.0/jna-3.4.0.jar:/Users/deborah/.m2/repository/net/java/dev/jna/platform/3.4.0/platform-3.4.0.jar:/Users/deborah/.m2/repository/org/seleniumhq/selenium/selenium-support/2.31.0/selenium-support-2.31.0.jar:/Users/deborah/.m2/repository/org/seleniumhq/selenium/selenium-iphone-driver/2.31.0/selenium-iphone-driver-2.31.0.jar:/Users/deborah/.m2/repository/org/seleniumhq/selenium/selenium-remote-driver/2.31.0/selenium-remote-driver-2.31.0.jar:/Users/deborah/.m2/repository/cglib/cglib-nodep/2.1_3/cglib-nodep-2.1_3.jar:/Users/deborah/.m2/repository/org/json/json/20080701/json-20080701.jar:/Users/deborah/.m2/repository/org/seleniumhq/selenium/selenium-android-driver/2.31.0/selenium-android-driver-2.31.0.jar:/Users/deborah/Documents/EECE310/crawljax/crawljax/core/target/test-classes:/Users/deborah/.m2/repository/org/eclipse/jetty/jetty-server/9.0.0.M5/jetty-server-9.0.0.M5.jar:/Users/deborah/.m2/repository/org/eclipse/jetty/orbit/javax.servlet/3.0.0.v201112011016/javax.servlet-3.0.0.v201112011016.jar:/Users/deborah/.m2/repository/org/eclipse/jetty/jetty-http/9.0.0.M5/jetty-http-9.0.0.M5.jar:/Users/deborah/.m2/repository/org/eclipse/jetty/jetty-util/9.0.0.M5/jetty-util-9.0.0.M5.jar:/Users/deborah/.m2/repository/org/eclipse/jetty/jetty-io/9.0.0.M5/jetty-io-9.0.0.M5.jar:/Users/deborah/.m2/repository/junit/junit/4.11/junit-4.11.jar:/Users/deborah/.m2/repository/org/hamcrest/hamcrest-core/1.3/hamcrest-core-1.3.jar:/Users/deborah/.m2/repository/com/google/guava/guava/13.0.1/guava-13.0.1.jar:/Users/deborah/.m2/repository/org/slf4j/jcl-over-slf4j/1.7.2/jcl-over-slf4j-1.7.2.jar:/Users/deborah/.m2/repository/org/slf4j/slf4j-api/1.7.2/slf4j-api-1.7.2.jar:/Users/deborah/.m2/repository/org/slf4j/jul-to-slf4j/1.7.2/jul-to-slf4j-1.7.2.jar:/Users/deborah/.m2/repository/ch/qos/logback/logback-classic/1.0.9/logback-classic-1.0.9.jar:/Users/deborah/.m2/repository/ch/qos/logback/logback-core/1.0.9/logback-core-1.0.9.jar:/Users/deborah/.m2/repository/com/google/code/findbugs/jsr305/2.0.1/jsr305-2.0.1.jar:/Users/deborah/.m2/repository/org/hamcrest/hamcrest-library/1.3/hamcrest-library-1.3.jar:/Users/deborah/.m2/repository/org/mockito/mockito-core/1.9.5/mockito-core-1.9.5.jar:/Users/deborah/.m2/repository/org/objenesis/objenesis/1.0/objenesis-1.0.jar:"/>
    <property name="java.specification.name" value="Java Platform API Specification"/>
    <property name="java.class.version" value="51.0"/>
    <property name="sun.management.compiler" value="HotSpot 64-Bit Tiered Compilers"/>
    <property name="os.version" value="10.7.5"/>
    <property name="http.nonProxyHosts" value="local|*.local|169.254/16|*.169.254/16"/>
    <property name="user.home" value="/Users/deborah"/>
    <property name="user.timezone" value="America/Vancouver"/>
    <property name="java.awt.printerjob" value="sun.lwawt.macosx.CPrinterJob"/>
    <property name="java.specification.version" value="1.7"/>
    <property name="file.encoding" value="UTF-8"/>
    <property name="user.name" value="deborah"/>
    <property name="java.class.path" value="/Users/deborah/Documents/EECE310/crawljax/crawljax/test-utils/target/test-classes:/Users/deborah/Documents/EECE310/crawljax/crawljax/test-utils/target/classes:/Users/deborah/Documents/EECE310/crawljax/crawljax/core/target/classes:/Users/deborah/.m2/repository/commons-lang/commons-lang/2.6/commons-lang-2.6.jar:/Users/deborah/.m2/repository/commons-configuration/commons-configuration/1.7/commons-configuration-1.7.jar:/Users/deborah/.m2/repository/commons-collections/commons-collections/3.2.1/commons-collections-3.2.1.jar:/Users/deborah/.m2/repository/commons-logging/commons-logging/1.1.1/commons-logging-1.1.1.jar:/Users/deborah/.m2/repository/commons-digester/commons-digester/1.8.1/commons-digester-1.8.1.jar:/Users/deborah/.m2/repository/commons-beanutils/commons-beanutils/1.8.3/commons-beanutils-1.8.3.jar:/Users/deborah/.m2/repository/commons-math/commons-math/1.2/commons-math-1.2.jar:/Users/deborah/.m2/repository/commons-io/commons-io/2.4/commons-io-2.4.jar:/Users/deborah/.m2/repository/net/sf/jgrapht/jgrapht/0.8.3/jgrapht-0.8.3.jar:/Users/deborah/.m2/repository/xmlunit/xmlunit/1.3/xmlunit-1.3.jar:/Users/deborah/.m2/repository/net/sourceforge/nekohtml/nekohtml/1.9.17/nekohtml-1.9.17.jar:/Users/deborah/.m2/repository/net/jcip/jcip-annotations/1.0/jcip-annotations-1.0.jar:/Users/deborah/.m2/repository/xerces/xercesImpl/2.10.0/xercesImpl-2.10.0.jar:/Users/deborah/.m2/repository/xml-apis/xml-apis/1.4.01/xml-apis-1.4.01.jar:/Users/deborah/.m2/repository/org/seleniumhq/selenium/selenium-firefox-driver/2.31.0/selenium-firefox-driver-2.31.0.jar:/Users/deborah/.m2/repository/org/apache/commons/commons-exec/1.1/commons-exec-1.1.jar:/Users/deborah/.m2/repository/org/seleniumhq/selenium/selenium-chrome-driver/2.31.0/selenium-chrome-driver-2.31.0.jar:/Users/deborah/.m2/repository/org/seleniumhq/selenium/selenium-htmlunit-driver/2.31.0/selenium-htmlunit-driver-2.31.0.jar:/Users/deborah/.m2/repository/org/seleniumhq/selenium/selenium-api/2.31.0/selenium-api-2.31.0.jar:/Users/deborah/.m2/repository/net/sourceforge/htmlunit/htmlunit/2.11/htmlunit-2.11.jar:/Users/deborah/.m2/repository/xalan/xalan/2.7.1/xalan-2.7.1.jar:/Users/deborah/.m2/repository/xalan/serializer/2.7.1/serializer-2.7.1.jar:/Users/deborah/.m2/repository/org/apache/commons/commons-lang3/3.1/commons-lang3-3.1.jar:/Users/deborah/.m2/repository/org/apache/httpcomponents/httpmime/4.2.2/httpmime-4.2.2.jar:/Users/deborah/.m2/repository/commons-codec/commons-codec/1.7/commons-codec-1.7.jar:/Users/deborah/.m2/repository/net/sourceforge/htmlunit/htmlunit-core-js/2.11/htmlunit-core-js-2.11.jar:/Users/deborah/.m2/repository/net/sourceforge/cssparser/cssparser/0.9.8/cssparser-0.9.8.jar:/Users/deborah/.m2/repository/org/w3c/css/sac/1.3/sac-1.3.jar:/Users/deborah/.m2/repository/org/eclipse/jetty/jetty-websocket/8.1.7.v20120910/jetty-websocket-8.1.7.v20120910.jar:/Users/deborah/.m2/repository/org/apache/httpcomponents/httpclient/4.2.1/httpclient-4.2.1.jar:/Users/deborah/.m2/repository/org/apache/httpcomponents/httpcore/4.2.1/httpcore-4.2.1.jar:/Users/deborah/.m2/repository/org/seleniumhq/selenium/selenium-ie-driver/2.31.0/selenium-ie-driver-2.31.0.jar:/Users/deborah/.m2/repository/net/java/dev/jna/jna/3.4.0/jna-3.4.0.jar:/Users/deborah/.m2/repository/net/java/dev/jna/platform/3.4.0/platform-3.4.0.jar:/Users/deborah/.m2/repository/org/seleniumhq/selenium/selenium-support/2.31.0/selenium-support-2.31.0.jar:/Users/deborah/.m2/repository/org/seleniumhq/selenium/selenium-iphone-driver/2.31.0/selenium-iphone-driver-2.31.0.jar:/Users/deborah/.m2/repository/org/seleniumhq/selenium/selenium-remote-driver/2.31.0/selenium-remote-driver-2.31.0.jar:/Users/deborah/.m2/repository/cglib/cglib-nodep/2.1_3/cglib-nodep-2.1_3.jar:/Users/deborah/.m2/repository/org/json/json/20080701/json-20080701.jar:/Users/deborah/.m2/repository/org/seleniumhq/selenium/selenium-android-driver/2.31.0/selenium-android-driver-2.31.0.jar:/Users/deborah/Documents/EECE310/crawljax/crawljax/core/target/test-classes:/Users/deborah/.m2/repository/org/eclipse/jetty/jetty-server/9.0.0.M5/jetty-server-9.0.0.M5.jar:/Users/deborah/.m2/repository/org/eclipse/jetty/orbit/javax.servlet/3.0.0.v201112011016/javax.servlet-3.0.0.v201112011016.jar:/Users/deborah/.m2/repository/org/eclipse/jetty/jetty-http/9.0.0.M5/jetty-http-9.0.0.M5.jar:/Users/deborah/.m2/repository/org/eclipse/jetty/jetty-util/9.0.0.M5/jetty-util-9.0.0.M5.jar:/Users/deborah/.m2/repository/org/eclipse/jetty/jetty-io/9.0.0.M5/jetty-io-9.0.0.M5.jar:/Users/deborah/.m2/repository/junit/junit/4.11/junit-4.11.jar:/Users/deborah/.m2/repository/org/hamcrest/hamcrest-core/1.3/hamcrest-core-1.3.jar:/Users/deborah/.m2/repository/com/google/guava/guava/13.0.1/guava-13.0.1.jar:/Users/deborah/.m2/repository/org/slf4j/jcl-over-slf4j/1.7.2/jcl-over-slf4j-1.7.2.jar:/Users/deborah/.m2/repository/org/slf4j/slf4j-api/1.7.2/slf4j-api-1.7.2.jar:/Users/deborah/.m2/repository/org/slf4j/jul-to-slf4j/1.7.2/jul-to-slf4j-1.7.2.jar:/Users/deborah/.m2/repository/ch/qos/logback/logback-classic/1.0.9/logback-classic-1.0.9.jar:/Users/deborah/.m2/repository/ch/qos/logback/logback-core/1.0.9/logback-core-1.0.9.jar:/Users/deborah/.m2/repository/com/google/code/findbugs/jsr305/2.0.1/jsr305-2.0.1.jar:/Users/deborah/.m2/repository/org/hamcrest/hamcrest-library/1.3/hamcrest-library-1.3.jar:/Users/deborah/.m2/repository/org/mockito/mockito-core/1.9.5/mockito-core-1.9.5.jar:/Users/deborah/.m2/repository/org/objenesis/objenesis/1.0/objenesis-1.0.jar:"/>
    <property name="java.vm.specification.version" value="1.7"/>
    <property name="sun.arch.data.model" value="64"/>
    <property name="java.home" value="/Library/Java/JavaVirtualMachines/jdk1.7.0_09.jdk/Contents/Home/jre"/>
    <property name="sun.java.command" value="/Users/deborah/Documents/EECE310/crawljax/crawljax/test-utils/target/surefire/surefirebooter1946249334365572605.jar /Users/deborah/Documents/EECE310/crawljax/crawljax/test-utils/target/surefire/surefire1967590541164547005tmp /Users/deborah/Documents/EECE310/crawljax/crawljax/test-utils/target/surefire/surefire7529269759316929392tmp"/>
    <property name="java.specification.vendor" value="Oracle Corporation"/>
    <property name="user.language" value="en"/>
    <property name="awt.toolkit" value="sun.lwawt.macosx.LWCToolkit"/>
    <property name="java.vm.info" value="mixed mode"/>
    <property name="java.version" value="1.7.0_09"/>
    <property name="java.ext.dirs" value="/Users/deborah/Library/Java/Extensions:/Library/Java/JavaVirtualMachines/jdk1.7.0_09.jdk/Contents/Home/jre/lib/ext:/Library/Java/Extensions:/Network/Library/Java/Extensions:/System/Library/Java/Extensions:/usr/lib/java"/>
    <property name="sun.boot.class.path" value="/Library/Java/JavaVirtualMachines/jdk1.7.0_09.jdk/Contents/Home/jre/lib/resources.jar:/Library/Java/JavaVirtualMachines/jdk1.7.0_09.jdk/Contents/Home/jre/lib/rt.jar:/Library/Java/JavaVirtualMachines/jdk1.7.0_09.jdk/Contents/Home/jre/lib/sunrsasign.jar:/Library/Java/JavaVirtualMachines/jdk1.7.0_09.jdk/Contents/Home/jre/lib/jsse.jar:/Library/Java/JavaVirtualMachines/jdk1.7.0_09.jdk/Contents/Home/jre/lib/jce.jar:/Library/Java/JavaVirtualMachines/jdk1.7.0_09.jdk/Contents/Home/jre/lib/charsets.jar:/Library/Java/JavaVirtualMachines/jdk1.7.0_09.jdk/Contents/Home/jre/lib/jfr.jar:/Library/Java/JavaVirtualMachines/jdk1.7.0_09.jdk/Contents/Home/jre/lib/JObjC.jar:/Library/Java/JavaVirtualMachines/jdk1.7.0_09.jdk/Contents/Home/jre/classes"/>
    <property name="java.vendor" value="Oracle Corporation"/>
    <property name="localRepository" value="/Users/deborah/.m2/repository"/>
    <property name="file.separator" value="/"/>
    <property name="java.vendor.url.bug" value="http://bugreport.sun.com/bugreport/"/>
    <property name="sun.cpu.endian" value="little"/>
    <property name="sun.io.unicode.encoding" value="UnicodeBig"/>
    <property name="socksNonProxyHosts" value="local|*.local|169.254/16|*.169.254/16"/>
    <property name="ftp.nonProxyHosts" value="local|*.local|169.254/16|*.169.254/16"/>
    <property name="sun.cpu.isalist" value=""/>
  </properties>
  <testcase time="25.141" classname="com.crawljax.crawljax_plugins_plugin.SampleCrawlersTest" name="testInputCrawler"/>
  <testcase time="25.166" classname="com.crawljax.crawljax_plugins_plugin.SampleCrawlersTest" name="testHiddenElementsSiteCrawl">
    <skipped/>
  </testcase>
  <testcase time="4.936" classname="com.crawljax.crawljax_plugins_plugin.SampleCrawlersTest" name="testSimpleXPathCrawl"/>
  <testcase time="16.694" classname="com.crawljax.crawljax_plugins_plugin.SampleCrawlersTest" name="testJSCrawler"/>
  <testcase time="9.871" classname="com.crawljax.crawljax_plugins_plugin.SampleCrawlersTest" name="testSimpleCrawler"/>
</testsuite>